1  	LOAD_A #14
            0  00000000000101000000000000001110     =$0014000E
2  syr LOAD_B #1
            1  00000000000100100000000000000001     =$00120001
3  	AND_B_A
            2  00000000110110100000000000000000     =$00DA0000
4  	!si nombre pair
5  	JMPZ div
            3  00001000000000000000000000001010     =$0800000A
6  	!si nombre impair
7  	LOAD_B #3
            4  00000000000100100000000000000011     =$00120003
8  	MUL_A_B
            5  00000000100011000000000000000000     =$008C0000
9  	LOAD_B_A
            6  00000000000110100000000000000000     =$001A0000
10  	INC_B
            7  00000000001100100000000000000000     =$00320000
11  	LOAD_A_B
            8  00000000001001000000000000000000     =$00240000
12  	JMP syr
            9  00000000000000010000000000000001     =$00010001
13  div	LOAD_B_A
            A  00000000000110100000000000000000     =$001A0000
14  	DIV_B #2
            B  00000000100100100000000000000010     =$00920002
15  	!on stocke le resultat dans A
16  	LOAD_A_B
            C  00000000001001000000000000000000     =$00240000
17  	JMP syr            D  00000000000000010000000000000001     =$00010001
